<?xml version="1.0" encoding="UTF-8"?>
<!-- Generated by org.testng.reporters.JUnitReportReporter -->
<testsuite hostname="MSI" failures="0" tests="2" name="testlayer.Order" time="87.671" errors="0" timestamp="2022-12-06T21:37:18 EST" skipped="0">
  <testcase classname="testlayer.Order" name="Account_Orders" time="43.115"/>
  <system-out/>
  <testcase classname="testlayer.Order" name="Account_Address" time="44.556"/>
  <system-out/>
</testsuite> <!-- testlayer.Order -->
