<?xml version="1.0" encoding="UTF-8"?>
<!-- Generated by org.testng.reporters.JUnitReportReporter -->
<testsuite hostname="MSI" failures="0" tests="1" name="testlayer.Product_Search" time="34.194" errors="0" timestamp="2022-12-11T15:32:21 EST" skipped="0">
  <testcase classname="testlayer.Product_Search" name="Product_Sorting" time="34.194"/>
  <system-out/>
</testsuite> <!-- testlayer.Product_Search -->
