<?xml version="1.0" encoding="UTF-8"?>
<!-- Generated by org.testng.reporters.JUnitReportReporter -->
<testsuite hostname="MSI" failures="0" tests="1" name="testlayer.Payement" time="35.431" errors="0" timestamp="2022-12-06T21:37:18 EST" skipped="0">
  <testcase classname="testlayer.Payement" name="payment_module" time="35.431"/>
  <system-out/>
</testsuite> <!-- testlayer.Payement -->
